<?xml version="1.0" encoding="UTF-8"?>
<robot generator="Robot 3.0 (Jython 2.7.0 on java1.8.0_102)" generated="20170121 22:34:25.243">
<suite source="C:\Users\Joel Branham\Documents\SoftwareEngineering\tic-tac-toe\src\test\acceptancetest" name="Acceptancetest" id="s1">
<suite source="C:\Users\Joel Branham\Documents\SoftwareEngineering\tic-tac-toe\src\test\acceptancetest\TicTacToeTests.robot" name="TicTacToeTests" id="s1-s1">
<test name="Win Diagonally as X" id="s1-s1-t1">
<kw library="keywords.TicTacToeKeywords" name="Start New Game">
<status endtime="20170121 22:34:25.619" starttime="20170121 22:34:25.613" status="PASS"></status>
</kw>
<kw library="keywords.TicTacToeKeywords" name="Mark Location">
<arguments>
<arg>1</arg>
<arg>1</arg>
</arguments>
<status endtime="20170121 22:34:25.627" starttime="20170121 22:34:25.621" status="PASS"></status>
</kw>
<kw name="Check Location">
<arguments>
<arg>1</arg>
<arg>1</arg>
<arg>X</arg>
</arguments>
<kw library="keywords.TicTacToeKeywords" name="Get Mark">
<arguments>
<arg>${row}</arg>
<arg>${col}</arg>
</arguments>
<assign>
<var>${m}</var>
</assign>
<msg level="INFO" timestamp="20170121 22:34:25.644">${m} = X</msg>
<status endtime="20170121 22:34:25.646" starttime="20170121 22:34:25.636" status="PASS"></status>
</kw>
<kw library="BuiltIn" name="Should Be Equal">
<doc>Fails if the given objects are unequal.</doc>
<arguments>
<arg>${m}</arg>
<arg>${mark}</arg>
</arguments>
<status endtime="20170121 22:34:25.657" starttime="20170121 22:34:25.650" status="PASS"></status>
</kw>
<status endtime="20170121 22:34:25.660" starttime="20170121 22:34:25.629" status="PASS"></status>
</kw>
<kw library="keywords.TicTacToeKeywords" name="Mark Location">
<arguments>
<arg>0</arg>
<arg>1</arg>
</arguments>
<status endtime="20170121 22:34:25.669" starttime="20170121 22:34:25.662" status="PASS"></status>
</kw>
<kw name="Check Location">
<arguments>
<arg>0</arg>
<arg>1</arg>
<arg>O</arg>
</arguments>
<kw library="keywords.TicTacToeKeywords" name="Get Mark">
<arguments>
<arg>${row}</arg>
<arg>${col}</arg>
</arguments>
<assign>
<var>${m}</var>
</assign>
<msg level="INFO" timestamp="20170121 22:34:25.683">${m} = O</msg>
<status endtime="20170121 22:34:25.685" starttime="20170121 22:34:25.677" status="PASS"></status>
</kw>
<kw library="BuiltIn" name="Should Be Equal">
<doc>Fails if the given objects are unequal.</doc>
<arguments>
<arg>${m}</arg>
<arg>${mark}</arg>
</arguments>
<status endtime="20170121 22:34:25.693" starttime="20170121 22:34:25.687" status="PASS"></status>
</kw>
<status endtime="20170121 22:34:25.696" starttime="20170121 22:34:25.672" status="PASS"></status>
</kw>
<kw library="keywords.TicTacToeKeywords" name="Mark Location">
<arguments>
<arg>0</arg>
<arg>0</arg>
</arguments>
<status endtime="20170121 22:34:25.703" starttime="20170121 22:34:25.699" status="PASS"></status>
</kw>
<kw name="Check Location">
<arguments>
<arg>0</arg>
<arg>0</arg>
<arg>X</arg>
</arguments>
<kw library="keywords.TicTacToeKeywords" name="Get Mark">
<arguments>
<arg>${row}</arg>
<arg>${col}</arg>
</arguments>
<assign>
<var>${m}</var>
</assign>
<msg level="INFO" timestamp="20170121 22:34:25.717">${m} = X</msg>
<status endtime="20170121 22:34:25.718" starttime="20170121 22:34:25.710" status="PASS"></status>
</kw>
<kw library="BuiltIn" name="Should Be Equal">
<doc>Fails if the given objects are unequal.</doc>
<arguments>
<arg>${m}</arg>
<arg>${mark}</arg>
</arguments>
<status endtime="20170121 22:34:25.726" starttime="20170121 22:34:25.721" status="PASS"></status>
</kw>
<status endtime="20170121 22:34:25.729" starttime="20170121 22:34:25.705" status="PASS"></status>
</kw>
<kw library="keywords.TicTacToeKeywords" name="Mark Location">
<arguments>
<arg>0</arg>
<arg>2</arg>
</arguments>
<status endtime="20170121 22:34:25.735" starttime="20170121 22:34:25.731" status="PASS"></status>
</kw>
<kw name="Check Location">
<arguments>
<arg>0</arg>
<arg>2</arg>
<arg>O</arg>
</arguments>
<kw library="keywords.TicTacToeKeywords" name="Get Mark">
<arguments>
<arg>${row}</arg>
<arg>${col}</arg>
</arguments>
<assign>
<var>${m}</var>
</assign>
<msg level="INFO" timestamp="20170121 22:34:25.749">${m} = O</msg>
<status endtime="20170121 22:34:25.750" starttime="20170121 22:34:25.742" status="PASS"></status>
</kw>
<kw library="BuiltIn" name="Should Be Equal">
<doc>Fails if the given objects are unequal.</doc>
<arguments>
<arg>${m}</arg>
<arg>${mark}</arg>
</arguments>
<status endtime="20170121 22:34:25.757" starttime="20170121 22:34:25.752" status="PASS"></status>
</kw>
<status endtime="20170121 22:34:25.760" starttime="20170121 22:34:25.737" status="PASS"></status>
</kw>
<kw library="keywords.TicTacToeKeywords" name="Mark Location">
<arguments>
<arg>2</arg>
<arg>2</arg>
</arguments>
<status endtime="20170121 22:34:25.766" starttime="20170121 22:34:25.762" status="PASS"></status>
</kw>
<kw name="Check Location">
<arguments>
<arg>2</arg>
<arg>2</arg>
<arg>X</arg>
</arguments>
<kw library="keywords.TicTacToeKeywords" name="Get Mark">
<arguments>
<arg>${row}</arg>
<arg>${col}</arg>
</arguments>
<assign>
<var>${m}</var>
</assign>
<msg level="INFO" timestamp="20170121 22:34:25.780">${m} = X</msg>
<status endtime="20170121 22:34:25.781" starttime="20170121 22:34:25.773" status="PASS"></status>
</kw>
<kw library="BuiltIn" name="Should Be Equal">
<doc>Fails if the given objects are unequal.</doc>
<arguments>
<arg>${m}</arg>
<arg>${mark}</arg>
</arguments>
<status endtime="20170121 22:34:25.789" starttime="20170121 22:34:25.783" status="PASS"></status>
</kw>
<status endtime="20170121 22:34:25.791" starttime="20170121 22:34:25.768" status="PASS"></status>
</kw>
<kw name="Winner Should Be">
<arguments>
<arg>X</arg>
</arguments>
<kw library="keywords.TicTacToeKeywords" name="Get Winner">
<assign>
<var>${m}</var>
</assign>
<msg level="INFO" timestamp="20170121 22:34:25.801">${m} = X</msg>
<status endtime="20170121 22:34:25.803" starttime="20170121 22:34:25.797" status="PASS"></status>
</kw>
<kw library="BuiltIn" name="Should Be Equal">
<doc>Fails if the given objects are unequal.</doc>
<arguments>
<arg>${m}</arg>
<arg>${mark}</arg>
</arguments>
<status endtime="20170121 22:34:25.810" starttime="20170121 22:34:25.805" status="PASS"></status>
</kw>
<status endtime="20170121 22:34:25.812" starttime="20170121 22:34:25.793" status="PASS"></status>
</kw>
<status critical="yes" endtime="20170121 22:34:25.814" starttime="20170121 22:34:25.605" status="PASS"></status>
</test>
<test name="Win Horizontally as O" id="s1-s1-t2">
<kw library="keywords.TicTacToeKeywords" name="Start New Game">
<status endtime="20170121 22:34:25.825" starttime="20170121 22:34:25.822" status="PASS"></status>
</kw>
<kw library="keywords.TicTacToeKeywords" name="Mark Location">
<arguments>
<arg>1</arg>
<arg>1</arg>
</arguments>
<status endtime="20170121 22:34:25.832" starttime="20170121 22:34:25.827" status="PASS"></status>
</kw>
<kw name="Check Location">
<arguments>
<arg>1</arg>
<arg>1</arg>
<arg>X</arg>
</arguments>
<kw library="keywords.TicTacToeKeywords" name="Get Mark">
<arguments>
<arg>${row}</arg>
<arg>${col}</arg>
</arguments>
<assign>
<var>${m}</var>
</assign>
<msg level="INFO" timestamp="20170121 22:34:25.850">${m} = X</msg>
<status endtime="20170121 22:34:25.851" starttime="20170121 22:34:25.843" status="PASS"></status>
</kw>
<kw library="BuiltIn" name="Should Be Equal">
<doc>Fails if the given objects are unequal.</doc>
<arguments>
<arg>${m}</arg>
<arg>${mark}</arg>
</arguments>
<status endtime="20170121 22:34:25.858" starttime="20170121 22:34:25.853" status="PASS"></status>
</kw>
<status endtime="20170121 22:34:25.860" starttime="20170121 22:34:25.833" status="PASS"></status>
</kw>
<kw library="keywords.TicTacToeKeywords" name="Mark Location">
<arguments>
<arg>2</arg>
<arg>0</arg>
</arguments>
<status endtime="20170121 22:34:25.866" starttime="20170121 22:34:25.862" status="PASS"></status>
</kw>
<kw name="Check Location">
<arguments>
<arg>2</arg>
<arg>0</arg>
<arg>O</arg>
</arguments>
<kw library="keywords.TicTacToeKeywords" name="Get Mark">
<arguments>
<arg>${row}</arg>
<arg>${col}</arg>
</arguments>
<assign>
<var>${m}</var>
</assign>
<msg level="INFO" timestamp="20170121 22:34:25.882">${m} = O</msg>
<status endtime="20170121 22:34:25.883" starttime="20170121 22:34:25.876" status="PASS"></status>
</kw>
<kw library="BuiltIn" name="Should Be Equal">
<doc>Fails if the given objects are unequal.</doc>
<arguments>
<arg>${m}</arg>
<arg>${mark}</arg>
</arguments>
<status endtime="20170121 22:34:25.890" starttime="20170121 22:34:25.885" status="PASS"></status>
</kw>
<status endtime="20170121 22:34:25.892" starttime="20170121 22:34:25.871" status="PASS"></status>
</kw>
<kw library="keywords.TicTacToeKeywords" name="Mark Location">
<arguments>
<arg>0</arg>
<arg>0</arg>
</arguments>
<status endtime="20170121 22:34:25.897" starttime="20170121 22:34:25.893" status="PASS"></status>
</kw>
<kw name="Check Location">
<arguments>
<arg>0</arg>
<arg>0</arg>
<arg>X</arg>
</arguments>
<kw library="keywords.TicTacToeKeywords" name="Get Mark">
<arguments>
<arg>${row}</arg>
<arg>${col}</arg>
</arguments>
<assign>
<var>${m}</var>
</assign>
<msg level="INFO" timestamp="20170121 22:34:25.909">${m} = X</msg>
<status endtime="20170121 22:34:25.910" starttime="20170121 22:34:25.903" status="PASS"></status>
</kw>
<kw library="BuiltIn" name="Should Be Equal">
<doc>Fails if the given objects are unequal.</doc>
<arguments>
<arg>${m}</arg>
<arg>${mark}</arg>
</arguments>
<status endtime="20170121 22:34:25.917" starttime="20170121 22:34:25.912" status="PASS"></status>
</kw>
<status endtime="20170121 22:34:25.919" starttime="20170121 22:34:25.899" status="PASS"></status>
</kw>
<kw library="keywords.TicTacToeKeywords" name="Mark Location">
<arguments>
<arg>2</arg>
<arg>2</arg>
</arguments>
<status endtime="20170121 22:34:25.925" starttime="20170121 22:34:25.921" status="PASS"></status>
</kw>
<kw name="Check Location">
<arguments>
<arg>2</arg>
<arg>2</arg>
<arg>O</arg>
</arguments>
<kw library="keywords.TicTacToeKeywords" name="Get Mark">
<arguments>
<arg>${row}</arg>
<arg>${col}</arg>
</arguments>
<assign>
<var>${m}</var>
</assign>
<msg level="INFO" timestamp="20170121 22:34:25.937">${m} = O</msg>
<status endtime="20170121 22:34:25.938" starttime="20170121 22:34:25.932" status="PASS"></status>
</kw>
<kw library="BuiltIn" name="Should Be Equal">
<doc>Fails if the given objects are unequal.</doc>
<arguments>
<arg>${m}</arg>
<arg>${mark}</arg>
</arguments>
<status endtime="20170121 22:34:25.945" starttime="20170121 22:34:25.940" status="PASS"></status>
</kw>
<status endtime="20170121 22:34:25.947" starttime="20170121 22:34:25.927" status="PASS"></status>
</kw>
<kw library="keywords.TicTacToeKeywords" name="Mark Location">
<arguments>
<arg>0</arg>
<arg>2</arg>
</arguments>
<status endtime="20170121 22:34:25.952" starttime="20170121 22:34:25.949" status="PASS"></status>
</kw>
<kw name="Check Location">
<arguments>
<arg>0</arg>
<arg>2</arg>
<arg>X</arg>
</arguments>
<kw library="keywords.TicTacToeKeywords" name="Get Mark">
<arguments>
<arg>${row}</arg>
<arg>${col}</arg>
</arguments>
<assign>
<var>${m}</var>
</assign>
<msg level="INFO" timestamp="20170121 22:34:25.963">${m} = X</msg>
<status endtime="20170121 22:34:25.964" starttime="20170121 22:34:25.958" status="PASS"></status>
</kw>
<kw library="BuiltIn" name="Should Be Equal">
<doc>Fails if the given objects are unequal.</doc>
<arguments>
<arg>${m}</arg>
<arg>${mark}</arg>
</arguments>
<status endtime="20170121 22:34:25.970" starttime="20170121 22:34:25.966" status="PASS"></status>
</kw>
<status endtime="20170121 22:34:25.972" starttime="20170121 22:34:25.954" status="PASS"></status>
</kw>
<kw library="keywords.TicTacToeKeywords" name="Mark Location">
<arguments>
<arg>2</arg>
<arg>1</arg>
</arguments>
<status endtime="20170121 22:34:25.978" starttime="20170121 22:34:25.974" status="PASS"></status>
</kw>
<kw name="Check Location">
<arguments>
<arg>2</arg>
<arg>1</arg>
<arg>O</arg>
</arguments>
<kw library="keywords.TicTacToeKeywords" name="Get Mark">
<arguments>
<arg>${row}</arg>
<arg>${col}</arg>
</arguments>
<assign>
<var>${m}</var>
</assign>
<msg level="INFO" timestamp="20170121 22:34:25.989">${m} = O</msg>
<status endtime="20170121 22:34:25.990" starttime="20170121 22:34:25.984" status="PASS"></status>
</kw>
<kw library="BuiltIn" name="Should Be Equal">
<doc>Fails if the given objects are unequal.</doc>
<arguments>
<arg>${m}</arg>
<arg>${mark}</arg>
</arguments>
<status endtime="20170121 22:34:25.995" starttime="20170121 22:34:25.991" status="PASS"></status>
</kw>
<status endtime="20170121 22:34:25.997" starttime="20170121 22:34:25.980" status="PASS"></status>
</kw>
<kw name="Winner Should Be">
<arguments>
<arg>O</arg>
</arguments>
<kw library="keywords.TicTacToeKeywords" name="Get Winner">
<assign>
<var>${m}</var>
</assign>
<msg level="INFO" timestamp="20170121 22:34:26.007">${m} = O</msg>
<status endtime="20170121 22:34:26.008" starttime="20170121 22:34:26.004" status="PASS"></status>
</kw>
<kw library="BuiltIn" name="Should Be Equal">
<doc>Fails if the given objects are unequal.</doc>
<arguments>
<arg>${m}</arg>
<arg>${mark}</arg>
</arguments>
<status endtime="20170121 22:34:26.014" starttime="20170121 22:34:26.010" status="PASS"></status>
</kw>
<status endtime="20170121 22:34:26.016" starttime="20170121 22:34:26.000" status="PASS"></status>
</kw>
<status critical="yes" endtime="20170121 22:34:26.017" starttime="20170121 22:34:25.817" status="PASS"></status>
</test>
<test name="Force a Tie" id="s1-s1-t3">
<kw library="keywords.TicTacToeKeywords" name="Start New Game">
<status endtime="20170121 22:34:26.031" starttime="20170121 22:34:26.027" status="PASS"></status>
</kw>
<kw library="keywords.TicTacToeKeywords" name="Mark Location">
<arguments>
<arg>1</arg>
<arg>1</arg>
</arguments>
<status endtime="20170121 22:34:26.037" starttime="20170121 22:34:26.033" status="PASS"></status>
</kw>
<kw name="Check Location">
<arguments>
<arg>1</arg>
<arg>1</arg>
<arg>X</arg>
</arguments>
<kw library="keywords.TicTacToeKeywords" name="Get Mark">
<arguments>
<arg>${row}</arg>
<arg>${col}</arg>
</arguments>
<assign>
<var>${m}</var>
</assign>
<msg level="INFO" timestamp="20170121 22:34:26.048">${m} = X</msg>
<status endtime="20170121 22:34:26.049" starttime="20170121 22:34:26.042" status="PASS"></status>
</kw>
<kw library="BuiltIn" name="Should Be Equal">
<doc>Fails if the given objects are unequal.</doc>
<arguments>
<arg>${m}</arg>
<arg>${mark}</arg>
</arguments>
<status endtime="20170121 22:34:26.055" starttime="20170121 22:34:26.050" status="PASS"></status>
</kw>
<status endtime="20170121 22:34:26.057" starttime="20170121 22:34:26.038" status="PASS"></status>
</kw>
<kw library="keywords.TicTacToeKeywords" name="Mark Location">
<arguments>
<arg>0</arg>
<arg>0</arg>
</arguments>
<status endtime="20170121 22:34:26.063" starttime="20170121 22:34:26.059" status="PASS"></status>
</kw>
<kw name="Check Location">
<arguments>
<arg>0</arg>
<arg>0</arg>
<arg>O</arg>
</arguments>
<kw library="keywords.TicTacToeKeywords" name="Get Mark">
<arguments>
<arg>${row}</arg>
<arg>${col}</arg>
</arguments>
<assign>
<var>${m}</var>
</assign>
<msg level="INFO" timestamp="20170121 22:34:26.077">${m} = O</msg>
<status endtime="20170121 22:34:26.078" starttime="20170121 22:34:26.070" status="PASS"></status>
</kw>
<kw library="BuiltIn" name="Should Be Equal">
<doc>Fails if the given objects are unequal.</doc>
<arguments>
<arg>${m}</arg>
<arg>${mark}</arg>
</arguments>
<status endtime="20170121 22:34:26.085" starttime="20170121 22:34:26.080" status="PASS"></status>
</kw>
<status endtime="20170121 22:34:26.087" starttime="20170121 22:34:26.065" status="PASS"></status>
</kw>
<kw library="keywords.TicTacToeKeywords" name="Mark Location">
<arguments>
<arg>2</arg>
<arg>0</arg>
</arguments>
<status endtime="20170121 22:34:26.093" starttime="20170121 22:34:26.089" status="PASS"></status>
</kw>
<kw name="Check Location">
<arguments>
<arg>2</arg>
<arg>0</arg>
<arg>X</arg>
</arguments>
<kw library="keywords.TicTacToeKeywords" name="Get Mark">
<arguments>
<arg>${row}</arg>
<arg>${col}</arg>
</arguments>
<assign>
<var>${m}</var>
</assign>
<msg level="INFO" timestamp="20170121 22:34:26.106">${m} = X</msg>
<status endtime="20170121 22:34:26.107" starttime="20170121 22:34:26.100" status="PASS"></status>
</kw>
<kw library="BuiltIn" name="Should Be Equal">
<doc>Fails if the given objects are unequal.</doc>
<arguments>
<arg>${m}</arg>
<arg>${mark}</arg>
</arguments>
<status endtime="20170121 22:34:26.114" starttime="20170121 22:34:26.109" status="PASS"></status>
</kw>
<status endtime="20170121 22:34:26.116" starttime="20170121 22:34:26.095" status="PASS"></status>
</kw>
<kw library="keywords.TicTacToeKeywords" name="Mark Location">
<arguments>
<arg>0</arg>
<arg>2</arg>
</arguments>
<status endtime="20170121 22:34:26.122" starttime="20170121 22:34:26.118" status="PASS"></status>
</kw>
<kw name="Check Location">
<arguments>
<arg>0</arg>
<arg>2</arg>
<arg>O</arg>
</arguments>
<kw library="keywords.TicTacToeKeywords" name="Get Mark">
<arguments>
<arg>${row}</arg>
<arg>${col}</arg>
</arguments>
<assign>
<var>${m}</var>
</assign>
<msg level="INFO" timestamp="20170121 22:34:26.133">${m} = O</msg>
<status endtime="20170121 22:34:26.134" starttime="20170121 22:34:26.128" status="PASS"></status>
</kw>
<kw library="BuiltIn" name="Should Be Equal">
<doc>Fails if the given objects are unequal.</doc>
<arguments>
<arg>${m}</arg>
<arg>${mark}</arg>
</arguments>
<status endtime="20170121 22:34:26.140" starttime="20170121 22:34:26.136" status="PASS"></status>
</kw>
<status endtime="20170121 22:34:26.143" starttime="20170121 22:34:26.123" status="PASS"></status>
</kw>
<kw library="keywords.TicTacToeKeywords" name="Mark Location">
<arguments>
<arg>0</arg>
<arg>1</arg>
</arguments>
<status endtime="20170121 22:34:26.148" starttime="20170121 22:34:26.144" status="PASS"></status>
</kw>
<kw name="Check Location">
<arguments>
<arg>0</arg>
<arg>1</arg>
<arg>X</arg>
</arguments>
<kw library="keywords.TicTacToeKeywords" name="Get Mark">
<arguments>
<arg>${row}</arg>
<arg>${col}</arg>
</arguments>
<assign>
<var>${m}</var>
</assign>
<msg level="INFO" timestamp="20170121 22:34:26.160">${m} = X</msg>
<status endtime="20170121 22:34:26.161" starttime="20170121 22:34:26.155" status="PASS"></status>
</kw>
<kw library="BuiltIn" name="Should Be Equal">
<doc>Fails if the given objects are unequal.</doc>
<arguments>
<arg>${m}</arg>
<arg>${mark}</arg>
</arguments>
<status endtime="20170121 22:34:26.167" starttime="20170121 22:34:26.162" status="PASS"></status>
</kw>
<status endtime="20170121 22:34:26.168" starttime="20170121 22:34:26.150" status="PASS"></status>
</kw>
<kw library="keywords.TicTacToeKeywords" name="Mark Location">
<arguments>
<arg>2</arg>
<arg>1</arg>
</arguments>
<status endtime="20170121 22:34:26.174" starttime="20170121 22:34:26.170" status="PASS"></status>
</kw>
<kw name="Check Location">
<arguments>
<arg>2</arg>
<arg>1</arg>
<arg>O</arg>
</arguments>
<kw library="keywords.TicTacToeKeywords" name="Get Mark">
<arguments>
<arg>${row}</arg>
<arg>${col}</arg>
</arguments>
<assign>
<var>${m}</var>
</assign>
<msg level="INFO" timestamp="20170121 22:34:26.187">${m} = O</msg>
<status endtime="20170121 22:34:26.187" starttime="20170121 22:34:26.182" status="PASS"></status>
</kw>
<kw library="BuiltIn" name="Should Be Equal">
<doc>Fails if the given objects are unequal.</doc>
<arguments>
<arg>${m}</arg>
<arg>${mark}</arg>
</arguments>
<status endtime="20170121 22:34:26.194" starttime="20170121 22:34:26.189" status="PASS"></status>
</kw>
<status endtime="20170121 22:34:26.197" starttime="20170121 22:34:26.177" status="PASS"></status>
</kw>
<kw library="keywords.TicTacToeKeywords" name="Mark Location">
<arguments>
<arg>1</arg>
<arg>2</arg>
</arguments>
<status endtime="20170121 22:34:26.203" starttime="20170121 22:34:26.199" status="PASS"></status>
</kw>
<kw name="Check Location">
<arguments>
<arg>1</arg>
<arg>2</arg>
<arg>X</arg>
</arguments>
<kw library="keywords.TicTacToeKeywords" name="Get Mark">
<arguments>
<arg>${row}</arg>
<arg>${col}</arg>
</arguments>
<assign>
<var>${m}</var>
</assign>
<msg level="INFO" timestamp="20170121 22:34:26.214">${m} = X</msg>
<status endtime="20170121 22:34:26.215" starttime="20170121 22:34:26.209" status="PASS"></status>
</kw>
<kw library="BuiltIn" name="Should Be Equal">
<doc>Fails if the given objects are unequal.</doc>
<arguments>
<arg>${m}</arg>
<arg>${mark}</arg>
</arguments>
<status endtime="20170121 22:34:26.221" starttime="20170121 22:34:26.216" status="PASS"></status>
</kw>
<status endtime="20170121 22:34:26.223" starttime="20170121 22:34:26.204" status="PASS"></status>
</kw>
<kw library="keywords.TicTacToeKeywords" name="Mark Location">
<arguments>
<arg>1</arg>
<arg>0</arg>
</arguments>
<status endtime="20170121 22:34:26.228" starttime="20170121 22:34:26.225" status="PASS"></status>
</kw>
<kw name="Check Location">
<arguments>
<arg>1</arg>
<arg>0</arg>
<arg>O</arg>
</arguments>
<kw library="keywords.TicTacToeKeywords" name="Get Mark">
<arguments>
<arg>${row}</arg>
<arg>${col}</arg>
</arguments>
<assign>
<var>${m}</var>
</assign>
<msg level="INFO" timestamp="20170121 22:34:26.238">${m} = O</msg>
<status endtime="20170121 22:34:26.239" starttime="20170121 22:34:26.233" status="PASS"></status>
</kw>
<kw library="BuiltIn" name="Should Be Equal">
<doc>Fails if the given objects are unequal.</doc>
<arguments>
<arg>${m}</arg>
<arg>${mark}</arg>
</arguments>
<status endtime="20170121 22:34:26.246" starttime="20170121 22:34:26.241" status="PASS"></status>
</kw>
<status endtime="20170121 22:34:26.249" starttime="20170121 22:34:26.230" status="PASS"></status>
</kw>
<kw library="keywords.TicTacToeKeywords" name="Mark Location">
<arguments>
<arg>2</arg>
<arg>2</arg>
</arguments>
<status endtime="20170121 22:34:26.255" starttime="20170121 22:34:26.252" status="PASS"></status>
</kw>
<kw name="Check Location">
<arguments>
<arg>2</arg>
<arg>2</arg>
<arg>X</arg>
</arguments>
<kw library="keywords.TicTacToeKeywords" name="Get Mark">
<arguments>
<arg>${row}</arg>
<arg>${col}</arg>
</arguments>
<assign>
<var>${m}</var>
</assign>
<msg level="INFO" timestamp="20170121 22:34:26.267">${m} = X</msg>
<status endtime="20170121 22:34:26.268" starttime="20170121 22:34:26.262" status="PASS"></status>
</kw>
<kw library="BuiltIn" name="Should Be Equal">
<doc>Fails if the given objects are unequal.</doc>
<arguments>
<arg>${m}</arg>
<arg>${mark}</arg>
</arguments>
<status endtime="20170121 22:34:26.274" starttime="20170121 22:34:26.269" status="PASS"></status>
</kw>
<status endtime="20170121 22:34:26.276" starttime="20170121 22:34:26.257" status="PASS"></status>
</kw>
<kw name="Winner Should Be">
<arguments>
<arg>TIE</arg>
</arguments>
<kw library="keywords.TicTacToeKeywords" name="Get Winner">
<assign>
<var>${m}</var>
</assign>
<msg level="INFO" timestamp="20170121 22:34:26.292">${m} = TIE</msg>
<status endtime="20170121 22:34:26.293" starttime="20170121 22:34:26.288" status="PASS"></status>
</kw>
<kw library="BuiltIn" name="Should Be Equal">
<doc>Fails if the given objects are unequal.</doc>
<arguments>
<arg>${m}</arg>
<arg>${mark}</arg>
</arguments>
<status endtime="20170121 22:34:26.299" starttime="20170121 22:34:26.295" status="PASS"></status>
</kw>
<status endtime="20170121 22:34:26.302" starttime="20170121 22:34:26.284" status="PASS"></status>
</kw>
<status critical="yes" endtime="20170121 22:34:26.304" starttime="20170121 22:34:26.022" status="PASS"></status>
</test>
<status endtime="20170121 22:34:26.311" starttime="20170121 22:34:25.543" status="PASS"></status>
</suite>
<status endtime="20170121 22:34:26.334" starttime="20170121 22:34:25.258" status="PASS"></status>
</suite>
<statistics>
<total>
<stat pass="3" fail="0">Critical Tests</stat>
<stat pass="3" fail="0">All Tests</stat>
</total>
<tag>
</tag>
<suite>
<stat pass="3" fail="0" name="Acceptancetest" id="s1">Acceptancetest</stat>
<stat pass="3" fail="0" name="TicTacToeTests" id="s1-s1">Acceptancetest.TicTacToeTests</stat>
</suite>
</statistics>
<errors>
</errors>
</robot>
